MongoDB logging. Please note that logging negatively impacts performance and should be disabled for high-performance production apps.
MongoDB logging. Please note that logging negatively impacts performance and should be disabled for high-performance production apps.
MongoDB logging. Please note that logging negatively impacts performance and should be disabled for high-performance production apps.
MONGODB admin['$cmd'].find({:ismaster=>1})
MONGODB admin['$cmd'].find({:ismaster=>1})
MongoDB logging. Please note that logging negatively impacts performance and should be disabled for high-performance production apps.
MONGODB admin['$cmd'].find({:ismaster=>1})
MONGODB admin['$cmd'].find({:ismaster=>1})
MongoDB logging. Please note that logging negatively impacts performance and should be disabled for high-performance production apps.
MONGODB admin['$cmd'].find({:ismaster=>1})
MONGODB admin['$cmd'].find({:ismaster=>1})
MongoDB logging. Please note that logging negatively impacts performance and should be disabled for high-performance production apps.
MONGODB admin['$cmd'].find({:ismaster=>1})
MONGODB admin['$cmd'].find({:ismaster=>1})
MongoDB logging. Please note that logging negatively impacts performance and should be disabled for high-performance production apps.
MONGODB admin['$cmd'].find({:ismaster=>1})
MONGODB admin['$cmd'].find({:ismaster=>1})
MONGODB testapp_development['system.namespaces'].find({})
MongoDB logging. Please note that logging negatively impacts performance and should be disabled for high-performance production apps.
MONGODB admin['$cmd'].find({:ismaster=>1})
MONGODB admin['$cmd'].find({:ismaster=>1})
MongoDB logging. Please note that logging negatively impacts performance and should be disabled for high-performance production apps.
MONGODB admin['$cmd'].find({:ismaster=>1})
MONGODB admin['$cmd'].find({:ismaster=>1})


Started GET "/" for 127.0.0.1 at Sat Aug 06 12:42:14 -0400 2011
  Processing by HomeController#index as HTML
MONGODB testapp_development['users'].find({})
Rendered home/index.html.erb within layouts/application (4.3ms)
Rendered shared/_navigation.html.erb (0.7ms)
Completed 200 OK in 26ms (Views: 26.1ms)


Started GET "/assets/application.css" for 127.0.0.1 at Sat Aug 06 12:42:15 -0400 2011
Compiled ~/Development/OSS/FreeFallHighScore/rails3-mongoid-omniauth/app/assets/stylesheets/application.css  (1ms)  (pid 46553)
Compiled ~/Development/OSS/FreeFallHighScore/rails3-mongoid-omniauth/app/assets/stylesheets/home.css.scss  (2ms)  (pid 46553)
Compiled ~/Development/OSS/FreeFallHighScore/rails3-mongoid-omniauth/app/assets/stylesheets/users.css.scss  (1ms)  (pid 46553)
Compiled ~/Development/OSS/FreeFallHighScore/rails3-mongoid-omniauth/app/assets/stylesheets/application.css  (0ms)  (pid 46553)
Served asset /application.css - 200 OK (24ms)


Started GET "/" for 127.0.0.1 at Sat Aug 06 12:42:15 -0400 2011
  Processing by HomeController#index as HTML
MONGODB testapp_development['users'].find({})
Rendered home/index.html.erb within layouts/application (2.3ms)
Rendered shared/_navigation.html.erb (0.6ms)
Completed 200 OK in 17ms (Views: 16.3ms)


Started GET "/assets/application.js" for 127.0.0.1 at Sat Aug 06 12:42:15 -0400 2011
Compiled ~/Development/OSS/FreeFallHighScore/rails3-mongoid-omniauth/app/assets/javascripts/application.js  (4ms)  (pid 46553)
Compiled ~/.rvm/gems/ree-1.8.7-2010.02/gems/jquery-rails-1.0.12/vendor/assets/javascripts/jquery.js  (2ms)  (pid 46553)
Compiled ~/.rvm/gems/ree-1.8.7-2010.02/gems/jquery-rails-1.0.12/vendor/assets/javascripts/jquery_ujs.js  (0ms)  (pid 46553)
Compiled ~/Development/OSS/FreeFallHighScore/rails3-mongoid-omniauth/app/assets/javascripts/home.js.coffee  (197ms)  (pid 46553)
Compiled ~/Development/OSS/FreeFallHighScore/rails3-mongoid-omniauth/app/assets/javascripts/users.js.coffee  (150ms)  (pid 46553)
Compiled ~/Development/OSS/FreeFallHighScore/rails3-mongoid-omniauth/app/assets/javascripts/application.js  (0ms)  (pid 46553)
Served asset /application.js - 200 OK (392ms)


Started GET "/assets/application.css" for 127.0.0.1 at Sat Aug 06 12:42:15 -0400 2011
Served asset /application.css - 200 OK (0ms)


Started GET "/" for 127.0.0.1 at Sat Aug 06 12:42:17 -0400 2011
  Processing by HomeController#index as HTML
MONGODB testapp_development['users'].find({})
Rendered home/index.html.erb within layouts/application (1.5ms)
Rendered shared/_navigation.html.erb (0.4ms)
Completed 200 OK in 11ms (Views: 10.1ms)


Started GET "/assets/application.css" for 127.0.0.1 at Sat Aug 06 12:42:17 -0400 2011
Served asset /application.css - 200 OK (0ms)


Started GET "/assets/application.js" for 127.0.0.1 at Sat Aug 06 12:42:17 -0400 2011
Served asset /application.js - 200 OK (0ms)


Started GET "/signin" for 127.0.0.1 at Sat Aug 06 12:42:19 -0400 2011
  Processing by SessionsController#new as HTML
Redirected to http://localhost:3000/auth/twitter
Completed 302 Found in 0ms


Started GET "/auth/twitter" for 127.0.0.1 at Sat Aug 06 12:42:19 -0400 2011

OAuth::Unauthorized (401 Unauthorized):
  

Rendered /Users/jcmuller/.rvm/gems/ree-1.8.7-2010.02/gems/actionpack-3.1.0.rc5/lib/action_dispatch/middleware/templates/rescues/_trace.erb (0.8ms)
Rendered /Users/jcmuller/.rvm/gems/ree-1.8.7-2010.02/gems/actionpack-3.1.0.rc5/lib/action_dispatch/middleware/templates/rescues/_request_and_response.erb (0.7ms)
Rendered /Users/jcmuller/.rvm/gems/ree-1.8.7-2010.02/gems/actionpack-3.1.0.rc5/lib/action_dispatch/middleware/templates/rescues/diagnostics.erb within rescues/layout (4.8ms)
MongoDB logging. Please note that logging negatively impacts performance and should be disabled for high-performance production apps.
MONGODB admin['$cmd'].find({:ismaster=>1})
MONGODB admin['$cmd'].find({:ismaster=>1})
MongoDB logging. Please note that logging negatively impacts performance and should be disabled for high-performance production apps.
MONGODB admin['$cmd'].find({:ismaster=>1})
MONGODB admin['$cmd'].find({:ismaster=>1})
MongoDB logging. Please note that logging negatively impacts performance and should be disabled for high-performance production apps.
MONGODB admin['$cmd'].find({:ismaster=>1})
MONGODB admin['$cmd'].find({:ismaster=>1})


Started GET "/" for 127.0.0.1 at Sat Aug 06 13:01:29 -0400 2011
  Processing by HomeController#index as HTML
MONGODB testapp_development['users'].find({})
Rendered home/index.html.erb within layouts/application (4.0ms)
Rendered shared/_navigation.html.erb (0.6ms)
Completed 200 OK in 22ms (Views: 21.5ms)


Started GET "/assets/application.js" for 127.0.0.1 at Sat Aug 06 13:01:29 -0400 2011
Served asset /application.js - 304 Not Modified (6ms)


Started GET "/assets/application.css" for 127.0.0.1 at Sat Aug 06 13:01:29 -0400 2011
Served asset /application.css - 304 Not Modified (3ms)
MongoDB logging. Please note that logging negatively impacts performance and should be disabled for high-performance production apps.
MONGODB admin['$cmd'].find({:ismaster=>1})
MONGODB admin['$cmd'].find({:ismaster=>1})
